[INFO]: 30-09-2023 05:14:46 - get all blog
[INFO]: 30-09-2023 05:19:57 - get all blog
[INFO]: 30-09-2023 05:23:00 - get all blog
[INFO]: 30-09-2023 05:24:36 - get all blog
[INFO]: 30-09-2023 05:25:02 - get all blog
[INFO]: 30-09-2023 05:25:06 - get all blog
[INFO]: 30-09-2023 05:25:21 - get all blog
[INFO]: 30-09-2023 05:28:21 - get all blog
[INFO]: 30-09-2023 05:28:27 - get all blog
[INFO]: 30-09-2023 06:21:37 - Login success, Response: {"body":{"accessToken":"eyJhbGciOiJIUzI1NiIsInR5cCI6IkpXVCJ9.eyJhdXRob3JpemVkIjp0cnVlLCJibG9nX2lkIjoiIiwiZW1haWwiOiJtYXJrb25haEBnbWFpbC5jb20iLCJleHAiOjE2OTYwMzY4OTcsInJvbGUiOiJ1c2VyIiwidXNlcl9pZCI6IjIiLCJ1c2VybmFtZSI6Im1hcmtvbmFoIn0.4htyr2gfMw2gAXRq1nzhl3_efMIqlhnyPf0llrmYM78","refreshToken":"eyJhbGciOiJIUzI1NiIsInR5cCI6IkpXVCJ9.eyJhdXRob3JpemVkIjp0cnVlLCJibG9nX2lkIjoiIiwiZW1haWwiOiJtYXJrb25haEBnbWFpbC5jb20iLCJleHAiOjE2OTYwMzY4OTcsInJvbGUiOiJ1c2VyIiwidXNlcl9pZCI6IjIiLCJ1c2VybmFtZSI6Im1hcmtvbmFoIn0.4htyr2gfMw2gAXRq1nzhl3_efMIqlhnyPf0llrmYM78","users":{"blog_id":"","email":"markonah@gmail.com","role":"user","user_id":2,"username":"markonah"}},"code":200,"message":"Successfully"}
[ERROR]: 30-09-2023 06:21:47 - In Server: No token bearer provided
[INFO]: 30-09-2023 06:21:54 - Success updated, response: {"body":{"user_id":1,"blog_id":"","username":"edit","email":"edit@gmail.com","password":"$2a$10$YvcWJ73nPnar7XcGi3TL8eksCUFu/Y.hT1TKdU9eeaIaNt3Ob5WhC","role":"user","created":"2023-09-29T22:08:56+07:00","updated":"2023-09-29T22:08:56+07:00"},"code":200,"message":"Successfully"}
[INFO]: 30-09-2023 06:22:15 - Success updated, response: {"body":{"user_id":2,"blog_id":"","username":"markonah","email":"markonah@gmail.com","password":"$2a$10$JL3cJp4XQfB5HDV7xJ8hY.OVtl07RcTUbWZgsEK.5XYC4WZfLpHsu","role":"user","created":"2023-09-29T22:32:24+07:00","updated":"2023-09-29T22:32:24+07:00"},"code":200,"message":"Successfully"}
[ERROR]: 30-09-2023 06:22:19 - In Server: record not found
[ERROR]: 30-09-2023 06:22:19 - In Server: record not found
[INFO]: 30-09-2023 06:22:21 - Success updated, response: {"body":{"user_id":2,"blog_id":"","username":"markonah","email":"markonah@gmail.com","password":"$2a$10$JL3cJp4XQfB5HDV7xJ8hY.OVtl07RcTUbWZgsEK.5XYC4WZfLpHsu","role":"user","created":"2023-09-29T22:32:24+07:00","updated":"2023-09-29T22:32:24+07:00"},"code":200,"message":"Successfully"}
[INFO]: 30-09-2023 06:23:13 - Success updated, response: {"body":null,"code":200,"message":"Successfully"}
[INFO]: 30-09-2023 06:24:10 - Success updated, response: {"body":{"user_id":0,"blog_id":"","username":"marwoto","email":"marwoto@gmail.com","password":"123","role":"","created":"0001-01-01T00:00:00Z","updated":"0001-01-01T00:00:00Z"},"code":200,"message":"Successfully"}
[ERROR]: 30-09-2023 06:25:08 - In Server: No token bearer provided
[ERROR]: 30-09-2023 06:26:05 - In Server: record not found
[ERROR]: 30-09-2023 06:26:05 - In Server: record not found
[INFO]: 30-09-2023 06:26:33 - Success updated, response: {"body":{"user_id":1,"blog_id":"","username":"marwoto","email":"marwoto@gmail.com","password":"123","role":"user","created":"2023-09-29T22:08:56+07:00","updated":"2023-09-29T22:08:56+07:00"},"code":200,"message":"Successfully"}
[INFO]: 30-09-2023 06:27:07 - Login success, Response: {"body":{"accessToken":"eyJhbGciOiJIUzI1NiIsInR5cCI6IkpXVCJ9.eyJhdXRob3JpemVkIjp0cnVlLCJibG9nX2lkIjoiIiwiZW1haWwiOiJtYXJ3b3RvQGdtYWlsLmNvbSIsImV4cCI6MTY5NjAzNzIyNywicm9sZSI6InVzZXIiLCJ1c2VyX2lkIjoiMSIsInVzZXJuYW1lIjoibWFyd290byJ9.Nl2-OqL90yNi9m8t1-zx47NYBSt-hJUwiYQA2PehG9E","refreshToken":"eyJhbGciOiJIUzI1NiIsInR5cCI6IkpXVCJ9.eyJhdXRob3JpemVkIjp0cnVlLCJibG9nX2lkIjoiIiwiZW1haWwiOiJtYXJ3b3RvQGdtYWlsLmNvbSIsImV4cCI6MTY5NjAzNzIyNywicm9sZSI6InVzZXIiLCJ1c2VyX2lkIjoiMSIsInVzZXJuYW1lIjoibWFyd290byJ9.Nl2-OqL90yNi9m8t1-zx47NYBSt-hJUwiYQA2PehG9E","users":{"blog_id":"","email":"marwoto@gmail.com","role":"user","user_id":1,"username":"marwoto"}},"code":200,"message":"Successfully"}
[INFO]: 30-09-2023 06:27:26 - get all blog
[INFO]: 30-09-2023 06:27:39 - get all blog
[INFO]: 30-09-2023 06:27:44 - get all blog
[INFO]: 30-09-2023 06:27:57 - get all blog
[INFO]: 30-09-2023 06:28:06 - get all blog
[INFO]: 30-09-2023 06:28:14 - get one blog {"body":{"blog_id":3,"user_id":2,"title":"Judul Blog","type":"Breaking news","content":"Content dari blog.","status":true,"is_event":false,"created":"2023-09-29T22:34:31+07:00","updated":"2023-09-29T22:34:31+07:00"},"code":200,"message":"Successfully"}
[INFO]: 30-09-2023 06:33:16 - Success updated, response: {"body":{"user_id":0,"blog_id":"","username":"","email":"marwoto@gmail.com","password":"","role":"user","created":"0001-01-01T00:00:00Z","updated":"0001-01-01T00:00:00Z"},"code":200,"message":"Successfully"}
[INFO]: 30-09-2023 06:33:40 - Success updated, response: {"body":{"user_id":0,"blog_id":"","username":"marwoto","email":"marwoto@gmail.com","password":"","role":"user","created":"0001-01-01T00:00:00Z","updated":"0001-01-01T00:00:00Z"},"code":200,"message":"Successfully"}
[INFO]: 30-09-2023 06:34:42 - Success updated, response: {"body":{"user_id":1,"blog_id":"","username":"marwoto","email":"marwoto@gmail.com","password":"","role":"user","created":"0001-01-01T00:00:00Z","updated":"0001-01-01T00:00:00Z"},"code":200,"message":"Successfully"}
[INFO]: 30-09-2023 06:39:50 - Success updated, response: {"body":{"user_id":1,"blog_id":"","username":"marwoto","email":"marwoto@gmail.com","password":"","role":"user","created":"0001-01-01T00:00:00Z","updated":"0001-01-01T00:00:00Z"},"code":200,"message":"Successfully"}
[INFO]: 30-09-2023 06:39:54 - Success updated, response: {"body":{"user_id":1,"blog_id":"","username":"marwoto","email":"marwoto@gmail.com","password":"","role":"user","created":"0001-01-01T00:00:00Z","updated":"0001-01-01T00:00:00Z"},"code":200,"message":"Successfully"}
[INFO]: 30-09-2023 06:39:58 - Success updated, response: {"body":{"user_id":1,"blog_id":"","username":"marwoto","email":"marwoto@gmail.com","password":"","role":"user","created":"0001-01-01T00:00:00Z","updated":"0001-01-01T00:00:00Z"},"code":200,"message":"Successfully"}
[INFO]: 30-09-2023 06:41:32 - Success updated, response: {"body":{"user_id":1,"blog_id":"","username":"marwoto","email":"marwoto@gmail.com","password":"$2a$10$vPTJlKnirM/yhxeJbaXHR.ITWVBiRXA2dQPmKWVPvTmnPV/PcpIhq","role":"user","created":"0001-01-01T00:00:00Z","updated":"0001-01-01T00:00:00Z"},"code":200,"message":"Successfully"}
[INFO]: 30-09-2023 06:41:46 - Success updated, response: {"body":{"user_id":1,"blog_id":"","username":"marwoto","email":"marwoto@gmail.com","password":"$2a$10$FfAKoOE7GSvdMzaqr4UpFeVfex4pvE918Tm27h8GhO9hdNF6tMC/W","role":"user","created":"0001-01-01T00:00:00Z","updated":"0001-01-01T00:00:00Z"},"code":200,"message":"Successfully"}
[INFO]: 30-09-2023 06:41:52 - Login success, Response: {"body":{"accessToken":"eyJhbGciOiJIUzI1NiIsInR5cCI6IkpXVCJ9.eyJhdXRob3JpemVkIjp0cnVlLCJibG9nX2lkIjoiIiwiZW1haWwiOiJtYXJ3b3RvQGdtYWlsLmNvbSIsImV4cCI6MTY5NjAzODExMiwicm9sZSI6InVzZXIiLCJ1c2VyX2lkIjoiMSIsInVzZXJuYW1lIjoibWFyd290byJ9.rMNyNoBpnL64igvJmfR7Kd6v2RmiGEDH1xeQxI2Izw0","refreshToken":"eyJhbGciOiJIUzI1NiIsInR5cCI6IkpXVCJ9.eyJhdXRob3JpemVkIjp0cnVlLCJibG9nX2lkIjoiIiwiZW1haWwiOiJtYXJ3b3RvQGdtYWlsLmNvbSIsImV4cCI6MTY5NjAzODExMiwicm9sZSI6InVzZXIiLCJ1c2VyX2lkIjoiMSIsInVzZXJuYW1lIjoibWFyd290byJ9.rMNyNoBpnL64igvJmfR7Kd6v2RmiGEDH1xeQxI2Izw0","users":{"blog_id":"","email":"marwoto@gmail.com","role":"user","user_id":1,"username":"marwoto"}},"code":200,"message":"Successfully"}
[INFO]: 30-09-2023 06:42:00 - Login success, Response: {"body":{"accessToken":"eyJhbGciOiJIUzI1NiIsInR5cCI6IkpXVCJ9.eyJhdXRob3JpemVkIjp0cnVlLCJibG9nX2lkIjoiIiwiZW1haWwiOiJtYXJ3b3RvQGdtYWlsLmNvbSIsImV4cCI6MTY5NjAzODEyMCwicm9sZSI6InVzZXIiLCJ1c2VyX2lkIjoiMSIsInVzZXJuYW1lIjoibWFyd290byJ9.sBxhrDjnhZkZygAooiHtsv4zInL6CaD7l3afSIlKi_0","refreshToken":"eyJhbGciOiJIUzI1NiIsInR5cCI6IkpXVCJ9.eyJhdXRob3JpemVkIjp0cnVlLCJibG9nX2lkIjoiIiwiZW1haWwiOiJtYXJ3b3RvQGdtYWlsLmNvbSIsImV4cCI6MTY5NjAzODEyMCwicm9sZSI6InVzZXIiLCJ1c2VyX2lkIjoiMSIsInVzZXJuYW1lIjoibWFyd290byJ9.sBxhrDjnhZkZygAooiHtsv4zInL6CaD7l3afSIlKi_0","users":{"blog_id":"","email":"marwoto@gmail.com","role":"user","user_id":1,"username":"marwoto"}},"code":200,"message":"Successfully"}
[INFO]: 30-09-2023 06:42:10 - Login success, Response: {"body":{"accessToken":"eyJhbGciOiJIUzI1NiIsInR5cCI6IkpXVCJ9.eyJhdXRob3JpemVkIjp0cnVlLCJibG9nX2lkIjoiIiwiZW1haWwiOiJtYXJ3b3RvQGdtYWlsLmNvbSIsImV4cCI6MTY5NjAzODEzMCwicm9sZSI6InVzZXIiLCJ1c2VyX2lkIjoiMSIsInVzZXJuYW1lIjoibWFyd290byJ9.U8-sveLc6Cq013sKRDf09_kFg5GxohLEyJOp-Vx3Jhk","refreshToken":"eyJhbGciOiJIUzI1NiIsInR5cCI6IkpXVCJ9.eyJhdXRob3JpemVkIjp0cnVlLCJibG9nX2lkIjoiIiwiZW1haWwiOiJtYXJ3b3RvQGdtYWlsLmNvbSIsImV4cCI6MTY5NjAzODEzMCwicm9sZSI6InVzZXIiLCJ1c2VyX2lkIjoiMSIsInVzZXJuYW1lIjoibWFyd290byJ9.U8-sveLc6Cq013sKRDf09_kFg5GxohLEyJOp-Vx3Jhk","users":{"blog_id":"","email":"marwoto@gmail.com","role":"user","user_id":1,"username":"marwoto"}},"code":200,"message":"Successfully"}
[INFO]: 30-09-2023 06:42:20 - Login success, Response: {"body":{"accessToken":"eyJhbGciOiJIUzI1NiIsInR5cCI6IkpXVCJ9.eyJhdXRob3JpemVkIjp0cnVlLCJibG9nX2lkIjoiIiwiZW1haWwiOiJtYXJ3b3RvQGdtYWlsLmNvbSIsImV4cCI6MTY5NjAzODE0MCwicm9sZSI6InVzZXIiLCJ1c2VyX2lkIjoiMSIsInVzZXJuYW1lIjoibWFyd290byJ9.0qGT1BU-4v0df9EYCzb61aukh5seaaAlep5Utwdnfe0","refreshToken":"eyJhbGciOiJIUzI1NiIsInR5cCI6IkpXVCJ9.eyJhdXRob3JpemVkIjp0cnVlLCJibG9nX2lkIjoiIiwiZW1haWwiOiJtYXJ3b3RvQGdtYWlsLmNvbSIsImV4cCI6MTY5NjAzODE0MCwicm9sZSI6InVzZXIiLCJ1c2VyX2lkIjoiMSIsInVzZXJuYW1lIjoibWFyd290byJ9.0qGT1BU-4v0df9EYCzb61aukh5seaaAlep5Utwdnfe0","users":{"blog_id":"","email":"marwoto@gmail.com","role":"user","user_id":1,"username":"marwoto"}},"code":200,"message":"Successfully"}
[ERROR]: 30-09-2023 06:43:40 - Failure In Server: crypto/bcrypt: hashedPassword is not the hash of the given password
[ERROR]: 30-09-2023 06:43:40 - In Server: Password is Failure
[INFO]: 30-09-2023 06:45:17 - Register success, response: {"body":{"accessToken":"eyJhbGciOiJIUzI1NiIsInR5cCI6IkpXVCJ9.eyJhdXRob3JpemVkIjp0cnVlLCJibG9nX2lkIjoiIiwiZW1haWwiOiJ1Y3VwQGdtYWlsLmNvbSIsImV4cCI6MTY5NjAzODMxNywicm9sZSI6InVzZXIiLCJ1c2VyX2lkIjoiMyIsInVzZXJuYW1lIjoidWN1cCJ9.sZ7maVyAnQaTN5VKFKsx99RB8g70aihZejQmetQJWj4","refreshToken":"eyJhbGciOiJIUzI1NiIsInR5cCI6IkpXVCJ9.eyJhdXRob3JpemVkIjp0cnVlLCJibG9nX2lkIjoiIiwiZW1haWwiOiJ1Y3VwQGdtYWlsLmNvbSIsImV4cCI6MTY5NjAzODMxNywicm9sZSI6InVzZXIiLCJ1c2VyX2lkIjoiMyIsInVzZXJuYW1lIjoidWN1cCJ9.sZ7maVyAnQaTN5VKFKsx99RB8g70aihZejQmetQJWj4","users":{"created":"2023-09-30T06:45:17+07:00","email":"ucup@gmail.com","id":3,"password":"$2a$10$zGxhdGfOw968bXKupG9b.eLrEGqQPgNSkPG1BuP7Asspx8xD5m8pC","role":"user","username":"ucup"}},"code":200,"message":"Successfully"}
[INFO]: 30-09-2023 06:45:34 - Success updated, response: {"body":{"user_id":1,"blog_id":"","username":"marwoto","email":"marwoto@gmail.com","password":"$2a$10$B.LFzLEGruNBoBUjQtaVEuQ3a.FrplZdeWPEBNhaRhcYxWRP06oE.","role":"user","created":"0001-01-01T00:00:00Z","updated":"0001-01-01T00:00:00Z"},"code":200,"message":"Successfully"}
[INFO]: 30-09-2023 06:47:23 - Success updated, response: {"body":{"user_id":1,"blog_id":"","username":"marwoto","email":"marwoto@gmail.com","password":"$2a$10$mb8NjE6XoDMesJNLffMF1.zAL9SyTWJjzZ58YW.8x2Yh5miIheu2q","role":"user","created":"0001-01-01T00:00:00Z","updated":"0001-01-01T00:00:00Z"},"code":200,"message":"Successfully"}
[ERROR]: 30-09-2023 06:47:42 - Failure In Server: crypto/bcrypt: hashedPassword is not the hash of the given password
[ERROR]: 30-09-2023 06:47:42 - In Server: Password is Failure
[INFO]: 30-09-2023 06:47:59 - Success updated, response: {"body":{"user_id":1,"blog_id":"","username":"marwoto","email":"marwoto@gmail.com","password":"$2a$10$gtJCtT5k9/siShiotibRTun9qxHQHKBt3QaiNdORsXiv6XXQXGlX6","role":"user","created":"0001-01-01T00:00:00Z","updated":"0001-01-01T00:00:00Z"},"code":200,"message":"Successfully"}
[INFO]: 30-09-2023 06:48:24 - Success updated, response: {"body":{"user_id":1,"blog_id":"","username":"marwoto","email":"marwoto@gmail.com","password":"","role":"user","created":"0001-01-01T00:00:00Z","updated":"0001-01-01T00:00:00Z"},"code":200,"message":"Successfully"}
[INFO]: 30-09-2023 06:53:15 - Success updated, response: {"body":{"created":"0001-01-01T00:00:00Z","email":"marwoto@gmail.com","id":1,"password":"$2a$10$5beimLrXUWCeOgIJyCSMU.0EWgw.qsNq0TtRntK47oq6wBZKMTAZu","role":"user","username":"marwoto"},"code":200,"message":"Successfully"}
[INFO]: 30-09-2023 06:55:33 - Success updated, response: {"body":{"email":"marwoto@gmail.com","id":1,"role":"user","updated":"2023-09-30T06:55:33.942501099+07:00","username":"marwoto"},"code":200,"message":"Successfully"}
[INFO]: 30-09-2023 07:14:39 - Login success, Response: {"body":{"accessToken":"eyJhbGciOiJIUzI1NiIsInR5cCI6IkpXVCJ9.eyJhdXRob3JpemVkIjp0cnVlLCJibG9nX2lkIjoiIiwiZW1haWwiOiJtYXJ3b3RvQGdtYWlsLmNvbSIsImV4cCI6MTY5NjA0MDA3OSwicm9sZSI6InVzZXIiLCJ1c2VyX2lkIjoiMSIsInVzZXJuYW1lIjoibWFyd290byJ9.-KLmGmdJj2IMsNxATRVYEdvAmKJqlTc4oExQ5nDeE5c","refreshToken":"eyJhbGciOiJIUzI1NiIsInR5cCI6IkpXVCJ9.eyJhdXRob3JpemVkIjp0cnVlLCJibG9nX2lkIjoiIiwiZW1haWwiOiJtYXJ3b3RvQGdtYWlsLmNvbSIsImV4cCI6MTY5NjA0MDA3OSwicm9sZSI6InVzZXIiLCJ1c2VyX2lkIjoiMSIsInVzZXJuYW1lIjoibWFyd290byJ9.-KLmGmdJj2IMsNxATRVYEdvAmKJqlTc4oExQ5nDeE5c","users":{"blog_id":"","email":"marwoto@gmail.com","role":"user","user_id":1,"username":"marwoto"}},"code":200,"message":"Successfully"}
[ERROR]: 30-09-2023 07:14:58 - In Server: Error 1406: Data too long for column 'content' at row 1
[ERROR]: 30-09-2023 07:14:58 - In Server: Error 1406: Data too long for column 'content' at row 1
[INFO]: 30-09-2023 07:20:43 - Register success, response: {"body":{"accessToken":"eyJhbGciOiJIUzI1NiIsInR5cCI6IkpXVCJ9.eyJhdXRob3JpemVkIjp0cnVlLCJibG9nX2lkIjoiIiwiZW1haWwiOiJ1Y3VwQGdtYWlsLmNvbSIsImV4cCI6MTY5NjA0MDQ0Mywicm9sZSI6InVzZXIiLCJ1c2VyX2lkIjoiMSIsInVzZXJuYW1lIjoidWN1cCJ9.S8_GGp7bqf3Ca1zL_dYdvFKCWl57O8Y81cDveGeKEBM","refreshToken":"eyJhbGciOiJIUzI1NiIsInR5cCI6IkpXVCJ9.eyJhdXRob3JpemVkIjp0cnVlLCJibG9nX2lkIjoiIiwiZW1haWwiOiJ1Y3VwQGdtYWlsLmNvbSIsImV4cCI6MTY5NjA0MDQ0Mywicm9sZSI6InVzZXIiLCJ1c2VyX2lkIjoiMSIsInVzZXJuYW1lIjoidWN1cCJ9.S8_GGp7bqf3Ca1zL_dYdvFKCWl57O8Y81cDveGeKEBM","users":{"created":"2023-09-30T07:20:43.896247284+07:00","email":"ucup@gmail.com","id":1,"role":"user","username":"ucup"}},"code":200,"message":"Successfully"}
[INFO]: 30-09-2023 07:21:01 - Login success, Response: {"body":{"accessToken":"eyJhbGciOiJIUzI1NiIsInR5cCI6IkpXVCJ9.eyJhdXRob3JpemVkIjp0cnVlLCJibG9nX2lkIjoiIiwiZW1haWwiOiJ1Y3VwQGdtYWlsLmNvbSIsImV4cCI6MTY5NjA0MDQ2MSwicm9sZSI6InVzZXIiLCJ1c2VyX2lkIjoiMSIsInVzZXJuYW1lIjoidWN1cCJ9.JPpUcieXtKjBglQoj271a_PChFafnmU3pnO1T-1mWZI","refreshToken":"eyJhbGciOiJIUzI1NiIsInR5cCI6IkpXVCJ9.eyJhdXRob3JpemVkIjp0cnVlLCJibG9nX2lkIjoiIiwiZW1haWwiOiJ1Y3VwQGdtYWlsLmNvbSIsImV4cCI6MTY5NjA0MDQ2MSwicm9sZSI6InVzZXIiLCJ1c2VyX2lkIjoiMSIsInVzZXJuYW1lIjoidWN1cCJ9.JPpUcieXtKjBglQoj271a_PChFafnmU3pnO1T-1mWZI","users":{"blog_id":"","email":"ucup@gmail.com","role":"user","user_id":1,"username":"ucup"}},"code":200,"message":"Successfully"}
[INFO]: 30-09-2023 07:21:14 - saved blog {"body":{"blog_id":1,"content":"Penting banget untuk memiliki pemahaman yang baik tentang prinsip UI/UX design yang baik. Di Figma sendiri ada prinsip tata letak, warna, kontras, dan tipografi. Maka dari itu, penting untuk belajar tata letak yang baik, penggunaan warna yang efektif, kontras yang sesuai, dan penggunaan tipografi yang tepat. Memahami beberapa prinsip ini akan bantu kamu membuat desain yang baik dan fungsional, lho. Jangan ragu untuk cari resource lain dari membaca buku, mengikuti tutorial di Youtube, atau ikut kursus online UI/UX design supaya kamu bisa dapetin pemahaman yang lebih mendalam.","is_event":false,"status":true,"title":"Judul Blog","type":"Artikel","user_id":1},"code":201,"message":"Successfully"}
[INFO]: 30-09-2023 07:21:44 - get all blog
[INFO]: 30-09-2023 07:21:56 - get all blog
[ERROR]: 30-09-2023 07:22:08 - In Server: record not found
[ERROR]: 30-09-2023 07:22:08 - In Server: record not found
[INFO]: 30-09-2023 07:22:17 - get one blog {"body":{"blog_id":1,"user_id":1,"title":"Judul Blog","type":"Artikel","content":"Penting banget untuk memiliki pemahaman yang baik tentang prinsip UI/UX design yang baik. Di Figma sendiri ada prinsip tata letak, warna, kontras, dan tipografi. Maka dari itu, penting untuk belajar tata letak yang baik, penggunaan warna yang efektif, kontras yang sesuai, dan penggunaan tipografi yang tepat. Memahami beberapa prinsip ini akan bantu kamu membuat desain yang baik dan fungsional, lho. Jangan ragu untuk cari resource lain dari membaca buku, mengikuti tutorial di Youtube, atau ikut kursus online UI/UX design supaya kamu bisa dapetin pemahaman yang lebih mendalam.","status":true,"is_event":false,"created":"2023-09-30T07:21:14+07:00","updated":"2023-09-30T07:21:14+07:00"},"code":200,"message":"Successfully"}
[INFO]: 30-09-2023 07:24:35 - update one blog {"body":{"blog_id":1,"user_id":1,"title":"Judul Blog","type":"Breaking news","content":"Content dari blog.","status":true,"is_event":false,"created":"0001-01-01T00:00:00Z","updated":"0001-01-01T00:00:00Z"},"code":200,"message":"Successfully"}
[INFO]: 30-09-2023 07:24:57 - get all blog
[INFO]: 30-09-2023 07:25:03 - saved blog {"body":{"blog_id":2,"content":"Penting banget untuk memiliki pemahaman yang baik tentang prinsip UI/UX design yang baik. Di Figma sendiri ada prinsip tata letak, warna, kontras, dan tipografi. Maka dari itu, penting untuk belajar tata letak yang baik, penggunaan warna yang efektif, kontras yang sesuai, dan penggunaan tipografi yang tepat. Memahami beberapa prinsip ini akan bantu kamu membuat desain yang baik dan fungsional, lho. Jangan ragu untuk cari resource lain dari membaca buku, mengikuti tutorial di Youtube, atau ikut kursus online UI/UX design supaya kamu bisa dapetin pemahaman yang lebih mendalam.","is_event":false,"status":true,"title":"Judul Blog","type":"Artikel","user_id":1},"code":201,"message":"Successfully"}
[INFO]: 30-09-2023 08:50:08 - Login success, Response: {"body":{"accessToken":"eyJhbGciOiJIUzI1NiIsInR5cCI6IkpXVCJ9.eyJhdXRob3JpemVkIjp0cnVlLCJibG9nX2lkIjoiIiwiZW1haWwiOiJ1Y3VwQGdtYWlsLmNvbSIsImV4cCI6MTY5NjA0NTgwOCwicm9sZSI6InVzZXIiLCJ1c2VyX2lkIjoiMSIsInVzZXJuYW1lIjoidWN1cCJ9.FZKUEHONgKFO1lt2obJ4CRbf6JGBHZEoQIxZ4iuLAuU","refreshToken":"eyJhbGciOiJIUzI1NiIsInR5cCI6IkpXVCJ9.eyJhdXRob3JpemVkIjp0cnVlLCJibG9nX2lkIjoiIiwiZW1haWwiOiJ1Y3VwQGdtYWlsLmNvbSIsImV4cCI6MTY5NjA0NTgwOCwicm9sZSI6InVzZXIiLCJ1c2VyX2lkIjoiMSIsInVzZXJuYW1lIjoidWN1cCJ9.FZKUEHONgKFO1lt2obJ4CRbf6JGBHZEoQIxZ4iuLAuU","users":{"blog_id":"","email":"ucup@gmail.com","role":"user","user_id":1,"username":"ucup"}},"code":200,"message":"Successfully"}
[INFO]: 30-09-2023 09:21:49 - created user: {"body":{"accessToken":"eyJhbGciOiJIUzI1NiIsInR5cCI6IkpXVCJ9.eyJhdXRob3JpemVkIjp0cnVlLCJibG9nX2lkIjoiIiwiZW1haWwiOiJ1ZGluQGdtYWlsLmNvbSIsImV4cCI6MTY5NjA0NzcwOSwicm9sZSI6InVzZXIiLCJ1c2VyX2lkIjoiMiIsInVzZXJuYW1lIjoidWRpbiJ9.w1xgarbwOXUlHFtZidQZG4Q_p8N2h7wpgGnnfmVGTYw","refreshToken":"eyJhbGciOiJIUzI1NiIsInR5cCI6IkpXVCJ9.eyJhdXRob3JpemVkIjp0cnVlLCJibG9nX2lkIjoiIiwiZW1haWwiOiJ1ZGluQGdtYWlsLmNvbSIsImV4cCI6MTY5NjA0NzcwOSwicm9sZSI6InVzZXIiLCJ1c2VyX2lkIjoiMiIsInVzZXJuYW1lIjoidWRpbiJ9.w1xgarbwOXUlHFtZidQZG4Q_p8N2h7wpgGnnfmVGTYw","users":{"created":"2023-09-30T09:21:49.874151804+07:00","email":"udin@gmail.com","id":2,"role":"user","username":"udin"}},"code":200,"message":"Successfully"}
[INFO]: 30-09-2023 09:22:29 - Login success, response: {"body":{"accessToken":"eyJhbGciOiJIUzI1NiIsInR5cCI6IkpXVCJ9.eyJhdXRob3JpemVkIjp0cnVlLCJibG9nX2lkIjoiIiwiZW1haWwiOiJ1ZGluQGdtYWlsLmNvbSIsImV4cCI6MTY5NjA0Nzc0OSwicm9sZSI6InVzZXIiLCJ1c2VyX2lkIjoiMiIsInVzZXJuYW1lIjoidWRpbiJ9.8el-ZOhYQ_gQMkFoEH4QMYACM21yVrETj95BmeE_psc","refreshToken":"eyJhbGciOiJIUzI1NiIsInR5cCI6IkpXVCJ9.eyJhdXRob3JpemVkIjp0cnVlLCJibG9nX2lkIjoiIiwiZW1haWwiOiJ1ZGluQGdtYWlsLmNvbSIsImV4cCI6MTY5NjA0Nzc0OSwicm9sZSI6InVzZXIiLCJ1c2VyX2lkIjoiMiIsInVzZXJuYW1lIjoidWRpbiJ9.8el-ZOhYQ_gQMkFoEH4QMYACM21yVrETj95BmeE_psc","users":{"blog_id":"","email":"udin@gmail.com","role":"user","user_id":2,"username":"udin"}},"code":200,"message":"Successfully"}
[ERROR]: 30-09-2023 09:22:46 - In Server: [UserHandler.GetOneUser] - id is not exist record not found
[ERROR]: 30-09-2023 09:22:46 - In Server: record not found
[INFO]: 30-09-2023 09:22:52 - view one data user: {"body":{"user_id":2,"blog_id":"","username":"udin","email":"udin@gmail.com","password":"$2a$10$RF426f2Qa9MwMxD2QqdaAuGN/05KmLtxU1wibiU2QLn/TqH/jDiLi","role":"user","created":"2023-09-30T09:21:49+07:00","updated":"2023-09-30T09:21:49+07:00"},"code":200,"message":"Successfully"}
[ERROR]: 30-09-2023 09:23:23 - In Server: [UserHandler.Update] - failed updated data : Error 1062: Duplicate entry 'udin@gmail.com' for key 'email'
[ERROR]: 30-09-2023 09:23:23 - In Server: Error 1062: Duplicate entry 'udin@gmail.com' for key 'email'
[ERROR]: 30-09-2023 09:23:51 - In Server: [UserHandler.Update] - failed updated data : Error 1062: Duplicate entry 'udin@gmail.com' for key 'email'
[ERROR]: 30-09-2023 09:23:51 - In Server: Error 1062: Duplicate entry 'udin@gmail.com' for key 'email'
[INFO]: 30-09-2023 09:25:32 - updated one data user{"body":{"email":"udin@gmail.com","id":2,"role":"user","updated":"2023-09-30T09:25:32.401643752+07:00","username":"udin"},"code":200,"message":"Successfully"}
[ERROR]: 30-09-2023 09:25:49 - In Server: [UserHandler.Update] - failed updated data, Error 1062: Duplicate entry 'udin@gmail.com' for key 'email'
[ERROR]: 30-09-2023 09:25:49 - In Server: Error 1062: Duplicate entry 'udin@gmail.com' for key 'email'
[INFO]: 30-09-2023 09:25:55 - updated one data user{"body":{"email":"udin@gmail.com","id":2,"role":"user","updated":"2023-09-30T09:25:55.049563398+07:00","username":"udin"},"code":200,"message":"Successfully"}
[INFO]: 30-09-2023 09:26:06 - saved blog: {"body":{"blog_id":3,"content":"Penting banget untuk memiliki pemahaman yang baik tentang prinsip UI/UX design yang baik. Di Figma sendiri ada prinsip tata letak, warna, kontras, dan tipografi. Maka dari itu, penting untuk belajar tata letak yang baik, penggunaan warna yang efektif, kontras yang sesuai, dan penggunaan tipografi yang tepat. Memahami beberapa prinsip ini akan bantu kamu membuat desain yang baik dan fungsional, lho. Jangan ragu untuk cari resource lain dari membaca buku, mengikuti tutorial di Youtube, atau ikut kursus online UI/UX design supaya kamu bisa dapetin pemahaman yang lebih mendalam.","is_event":false,"status":true,"title":"Judul Blog","type":"Artikel","user_id":2},"code":201,"message":"Successfully"}
[INFO]: 30-09-2023 09:26:20 - view all blog by user
[INFO]: 30-09-2023 09:27:01 - view blog by paginated
[INFO]: 30-09-2023 09:27:09 - saved blog: {"body":{"blog_id":4,"content":"Penting banget untuk memiliki pemahaman yang baik tentang prinsip UI/UX design yang baik. Di Figma sendiri ada prinsip tata letak, warna, kontras, dan tipografi. Maka dari itu, penting untuk belajar tata letak yang baik, penggunaan warna yang efektif, kontras yang sesuai, dan penggunaan tipografi yang tepat. Memahami beberapa prinsip ini akan bantu kamu membuat desain yang baik dan fungsional, lho. Jangan ragu untuk cari resource lain dari membaca buku, mengikuti tutorial di Youtube, atau ikut kursus online UI/UX design supaya kamu bisa dapetin pemahaman yang lebih mendalam.","is_event":false,"status":true,"title":"Judul Blog","type":"Artikel","user_id":2},"code":201,"message":"Successfully"}
[INFO]: 30-09-2023 09:27:14 - saved blog: {"body":{"blog_id":5,"content":"Penting banget untuk memiliki pemahaman yang baik tentang prinsip UI/UX design yang baik. Di Figma sendiri ada prinsip tata letak, warna, kontras, dan tipografi. Maka dari itu, penting untuk belajar tata letak yang baik, penggunaan warna yang efektif, kontras yang sesuai, dan penggunaan tipografi yang tepat. Memahami beberapa prinsip ini akan bantu kamu membuat desain yang baik dan fungsional, lho. Jangan ragu untuk cari resource lain dari membaca buku, mengikuti tutorial di Youtube, atau ikut kursus online UI/UX design supaya kamu bisa dapetin pemahaman yang lebih mendalam.","is_event":false,"status":true,"title":"Judul Blog","type":"Artikel","user_id":2},"code":201,"message":"Successfully"}
[INFO]: 30-09-2023 09:27:21 - view blog by paginated
[INFO]: 30-09-2023 09:27:28 - view blog by paginated
[INFO]: 30-09-2023 09:27:39 - view blog by paginated
[INFO]: 30-09-2023 09:27:46 - view blog by paginated
[INFO]: 30-09-2023 09:28:06 - view blog by paginated
[INFO]: 30-09-2023 09:28:19 - view blog by paginated
[INFO]: 30-09-2023 09:28:23 - view blog by paginated
[INFO]: 30-09-2023 09:28:27 - view blog by paginated
[INFO]: 30-09-2023 09:28:39 - view one blog: {"body":{"blog_id":1,"user_id":1,"title":"Judul Blog","type":"Breaking news","content":"Content dari blog.","status":true,"is_event":false,"created":"2023-09-30T07:21:14+07:00","updated":"2023-09-30T07:21:14+07:00"},"code":200,"message":"Successfully"}
[INFO]: 30-09-2023 09:28:46 - view one blog: {"body":{"blog_id":2,"user_id":1,"title":"Judul Blog","type":"Artikel","content":"Penting banget untuk memiliki pemahaman yang baik tentang prinsip UI/UX design yang baik. Di Figma sendiri ada prinsip tata letak, warna, kontras, dan tipografi. Maka dari itu, penting untuk belajar tata letak yang baik, penggunaan warna yang efektif, kontras yang sesuai, dan penggunaan tipografi yang tepat. Memahami beberapa prinsip ini akan bantu kamu membuat desain yang baik dan fungsional, lho. Jangan ragu untuk cari resource lain dari membaca buku, mengikuti tutorial di Youtube, atau ikut kursus online UI/UX design supaya kamu bisa dapetin pemahaman yang lebih mendalam.","status":true,"is_event":false,"created":"2023-09-30T07:25:03+07:00","updated":"2023-09-30T07:25:03+07:00"},"code":200,"message":"Successfully"}
[INFO]: 30-09-2023 09:28:56 - updated one data blog: {"body":{"blog_id":1,"user_id":2,"title":"Judul Blog","type":"Breaking news","content":"Content dari blog.","status":true,"is_event":false,"created":"0001-01-01T00:00:00Z","updated":"0001-01-01T00:00:00Z"},"code":200,"message":"Successfully"}
[INFO]: 30-09-2023 09:29:18 - deleted one blog 
[INFO]: 30-09-2023 09:29:34 - view all blog by user
[INFO]: 30-09-2023 09:30:01 - view one blog: {"body":{"blog_id":1,"user_id":1,"title":"Judul Blog","type":"Breaking news","content":"Content dari blog.","status":true,"is_event":false,"created":"2023-09-30T07:21:14+07:00","updated":"2023-09-30T07:21:14+07:00"},"code":200,"message":"Successfully"}
[INFO]: 30-09-2023 09:30:25 - updated one data blog: {"body":{"blog_id":1,"user_id":2,"title":"Judul Blog","type":"Breaking news","content":"Content dari blog.","status":true,"is_event":false,"created":"0001-01-01T00:00:00Z","updated":"0001-01-01T00:00:00Z"},"code":200,"message":"Successfully"}
[INFO]: 30-09-2023 09:32:43 - updated one data blog: {"body":{"blog_id":1,"user_id":2,"title":"Judul Blog","type":"Breaking news","content":"Content dari blog.","status":true,"is_event":false,"created":"0001-01-01T00:00:00Z","updated":"0001-01-01T00:00:00Z"},"code":200,"message":"Successfully"}
[INFO]: 30-09-2023 09:32:46 - updated one data blog: {"body":{"blog_id":1,"user_id":2,"title":"Judul Blog","type":"Breaking news","content":"Content dari blog.","status":true,"is_event":false,"created":"0001-01-01T00:00:00Z","updated":"0001-01-01T00:00:00Z"},"code":200,"message":"Successfully"}
[INFO]: 30-09-2023 09:32:51 - view all blog by user
[INFO]: 30-09-2023 09:33:34 - deleted one blog 
[INFO]: 30-09-2023 09:35:34 - deleted one blog 
[INFO]: 30-09-2023 09:35:37 - deleted one blog 
[INFO]: 30-09-2023 09:36:16 - updated one data blog: {"body":{"blog_id":8,"user_id":2,"title":"Judul Blog","type":"Breaking news","content":"Content dari blog.","status":true,"is_event":false,"created":"0001-01-01T00:00:00Z","updated":"0001-01-01T00:00:00Z"},"code":200,"message":"Successfully"}
[ERROR]: 30-09-2023 09:36:41 - In Server: [BlogHandler.GetOneBlog] - id is not exist record not found
[ERROR]: 30-09-2023 09:36:41 - In Server: record not found
[INFO]: 30-09-2023 09:50:09 - deleted one blog 
[INFO]: 30-09-2023 09:51:28 - deleted one blog 
[INFO]: 30-09-2023 09:51:30 - deleted one blog 
[INFO]: 30-09-2023 09:51:32 - deleted one blog 
[INFO]: 30-09-2023 09:52:18 - deleted one blog 
[INFO]: 30-09-2023 09:53:33 - deleted one blog 
[INFO]: 30-09-2023 09:56:49 - deleted one blog 
[ERROR]: 30-09-2023 09:59:04 - In Server: [BlogHandler.Deleted] - id is not exist
[ERROR]: 30-09-2023 09:59:04 - In Server: id is not exist
[INFO]: 30-09-2023 10:01:52 - updated one data blog: {"body":{"blog_id":8,"user_id":2,"title":"Judul Blog","type":"Breaking news","content":"Content dari blog.","status":true,"is_event":false,"created":"0001-01-01T00:00:00Z","updated":"0001-01-01T00:00:00Z"},"code":200,"message":"Successfully"}
[INFO]: 30-09-2023 10:03:44 - updated one data blog: {"body":{"blog_id":8,"user_id":2,"title":"Judul Blog","type":"Breaking news","content":"Content dari blog.","status":true,"is_event":false,"created":"0001-01-01T00:00:00Z","updated":"0001-01-01T00:00:00Z"},"code":200,"message":"Successfully"}
[ERROR]: 30-09-2023 10:05:56 - In Server: invalid verify password
[ERROR]: 30-09-2023 10:05:56 - In Server: Password is failure
[INFO]: 30-09-2023 10:06:05 - Login success, response: {"body":{"accessToken":"eyJhbGciOiJIUzI1NiIsInR5cCI6IkpXVCJ9.eyJhdXRob3JpemVkIjp0cnVlLCJibG9nX2lkIjoiIiwiZW1haWwiOiJ1ZGluQGdtYWlsLmNvbSIsImV4cCI6MTY5NjA1MDM2NSwicm9sZSI6InVzZXIiLCJ1c2VyX2lkIjoiMiIsInVzZXJuYW1lIjoidWRpbiJ9.63JRR1R9KFCxzB-UQVjlwXUxHvkwNmWWS9k2d-X84lM","refreshToken":"eyJhbGciOiJIUzI1NiIsInR5cCI6IkpXVCJ9.eyJhdXRob3JpemVkIjp0cnVlLCJibG9nX2lkIjoiIiwiZW1haWwiOiJ1ZGluQGdtYWlsLmNvbSIsImV4cCI6MTY5NjA1MDM2NSwicm9sZSI6InVzZXIiLCJ1c2VyX2lkIjoiMiIsInVzZXJuYW1lIjoidWRpbiJ9.63JRR1R9KFCxzB-UQVjlwXUxHvkwNmWWS9k2d-X84lM","users":{"blog_id":"","email":"udin@gmail.com","role":"user","user_id":2,"username":"udin"}},"code":200,"message":"Successfully"}
[ERROR]: 30-09-2023 10:06:20 - In Server: [BlogHandler.Deleted] - id is not exist
[ERROR]: 30-09-2023 10:06:20 - In Server: id is not exist
[INFO]: 30-09-2023 10:08:02 - view one data user: {"body":{"user_id":2,"blog_id":"","username":"udin","email":"udin@gmail.com","password":"$2a$10$4JIXrQGQw2ssYPCRVwx1VeEdlGO1kGfPUBEcyF/UNNjfRopr9CH2q","role":"user","created":"2023-09-30T09:21:49+07:00","updated":"2023-09-30T09:21:49+07:00"},"code":200,"message":"Successfully"}
[ERROR]: 30-09-2023 10:08:06 - In Server: [UserHandler.GetOneUser] - id is not exist record not found
[ERROR]: 30-09-2023 10:08:06 - In Server: record not found
[INFO]: 30-09-2023 10:08:25 - updated one data user{"body":{"email":"udin@gmail.com","id":2,"role":"user","updated":"2023-09-30T10:08:25.404671182+07:00","username":"udin"},"code":200,"message":"Successfully"}
[INFO]: 30-09-2023 10:08:35 - saved blog: {"body":{"blog_id":6,"content":"Penting banget untuk memiliki pemahaman yang baik tentang prinsip UI/UX design yang baik. Di Figma sendiri ada prinsip tata letak, warna, kontras, dan tipografi. Maka dari itu, penting untuk belajar tata letak yang baik, penggunaan warna yang efektif, kontras yang sesuai, dan penggunaan tipografi yang tepat. Memahami beberapa prinsip ini akan bantu kamu membuat desain yang baik dan fungsional, lho. Jangan ragu untuk cari resource lain dari membaca buku, mengikuti tutorial di Youtube, atau ikut kursus online UI/UX design supaya kamu bisa dapetin pemahaman yang lebih mendalam.","is_event":false,"status":true,"title":"Judul Blog","type":"Artikel","user_id":2},"code":201,"message":"Successfully"}
[INFO]: 30-09-2023 10:08:40 - view all blog by user
[INFO]: 30-09-2023 10:08:52 - view blog by paginated
[INFO]: 30-09-2023 10:09:03 - view one blog: {"body":{"blog_id":1,"user_id":2,"title":"Judul Blog","type":"Breaking news","content":"Content dari blog.","status":true,"is_event":false,"created":"2023-09-30T07:21:14+07:00","updated":"2023-09-30T07:21:14+07:00"},"code":200,"message":"Successfully"}
[ERROR]: 30-09-2023 10:09:09 - In Server: [BlogHandler.GetOneBlog] - id is not exist record not found
[ERROR]: 30-09-2023 10:09:09 - In Server: record not found
[INFO]: 30-09-2023 10:09:19 - updated one data blog: {"body":{"blog_id":8,"user_id":2,"title":"Judul Blog","type":"Breaking news","content":"Content dari blog.","status":true,"is_event":false,"created":"0001-01-01T00:00:00Z","updated":"0001-01-01T00:00:00Z"},"code":200,"message":"Successfully"}
[INFO]: 30-09-2023 10:09:29 - updated one data blog: {"body":{"blog_id":1,"user_id":2,"title":"Judul Blog","type":"Breaking news","content":"Content dari blog.","status":true,"is_event":false,"created":"0001-01-01T00:00:00Z","updated":"0001-01-01T00:00:00Z"},"code":200,"message":"Successfully"}
[ERROR]: 30-09-2023 10:10:02 - In Server: [BlogHandler.Deleted] - id is not exist
[ERROR]: 30-09-2023 10:10:02 - In Server: id is not exist
[ERROR]: 30-09-2023 10:47:18 - In Server: No token bearer provided
[ERROR]: 30-09-2023 10:48:15 - In Server: No token bearer provided
[ERROR]: 30-09-2023 10:48:17 - In Server: No token bearer provided
[ERROR]: 30-09-2023 10:48:18 - In Server: No token bearer provided
[ERROR]: 30-09-2023 10:49:25 - In Server: No token bearer provided
[ERROR]: 30-09-2023 10:51:31 - In Server: No token bearer provided
[ERROR]: 30-09-2023 10:51:33 - In Server: No token bearer provided
[ERROR]: 30-09-2023 10:52:15 - In Server: No token bearer provided
[ERROR]: 30-09-2023 11:21:16 - In Server: No token bearer provided
[ERROR]: 30-09-2023 12:05:11 - In Server: No token bearer provided
[ERROR]: 30-09-2023 12:05:32 - In Server: No token bearer provided
[ERROR]: 30-09-2023 12:05:34 - In Server: No token bearer provided
[ERROR]: 30-09-2023 12:05:37 - In Server: No token bearer provided
[INFO]: 30-09-2023 12:31:01 - Login success, response: {"body":{"accessToken":"eyJhbGciOiJIUzI1NiIsInR5cCI6IkpXVCJ9.eyJhdXRob3JpemVkIjp0cnVlLCJibG9nX2lkIjoiIiwiZW1haWwiOiJ1ZGluQGdtYWlsLmNvbSIsImV4cCI6MTY5NjA1OTA2MSwicm9sZSI6InVzZXIiLCJ1c2VyX2lkIjoiMiIsInVzZXJuYW1lIjoidWRpbiJ9.Hlz49dKcd7kOCQe00vKTKdmAxheaUGmcUNIwZ8EhUV4","refreshToken":"eyJhbGciOiJIUzI1NiIsInR5cCI6IkpXVCJ9.eyJhdXRob3JpemVkIjp0cnVlLCJibG9nX2lkIjoiIiwiZW1haWwiOiJ1ZGluQGdtYWlsLmNvbSIsImV4cCI6MTY5NjA1OTA2MSwicm9sZSI6InVzZXIiLCJ1c2VyX2lkIjoiMiIsInVzZXJuYW1lIjoidWRpbiJ9.Hlz49dKcd7kOCQe00vKTKdmAxheaUGmcUNIwZ8EhUV4","users":{"blog_id":"","email":"udin@gmail.com","role":"user","user_id":2,"username":"udin"}},"code":200,"message":"Successfully"}
